[debug] [2023-10-26T03:57:14.015Z] ----------------------------------------------------------------------
[debug] [2023-10-26T03:57:14.020Z] Command:       F:\nodejs\node.exe C:\Users\gayat\AppData\Roaming\npm\node_modules\firebase-tools\lib\bin\firebase.js init
[debug] [2023-10-26T03:57:14.021Z] CLI Version:   12.7.0
[debug] [2023-10-26T03:57:14.022Z] Platform:      win32
[debug] [2023-10-26T03:57:14.022Z] Node Version:  v18.18.0
[debug] [2023-10-26T03:57:14.024Z] Time:          Thu Oct 26 2023 09:27:14 GMT+0530 (India Standard Time)
[debug] [2023-10-26T03:57:14.024Z] ----------------------------------------------------------------------
[debug] 
[debug] [2023-10-26T03:57:14.039Z] > command requires scopes: ["email","openid","https://www.googleapis.com/auth/cloudplatformprojects.readonly","https://www.googleapis.com/auth/firebase","https://www.googleapis.com/auth/cloud-platform"]
[debug] [2023-10-26T03:57:14.040Z] > authorizing via signed-in user (gayathrimukundan02@gmail.com)
[info] 
     ######## #### ########  ######## ########     ###     ######  ########
     ##        ##  ##     ## ##       ##     ##  ##   ##  ##       ##
     ######    ##  ########  ######   ########  #########  ######  ######
     ##        ##  ##    ##  ##       ##     ## ##     ##       ## ##
     ##       #### ##     ## ######## ########  ##     ##  ######  ########

You're about to initialize a Firebase project in this directory:

  C:\Users\gayat\OneDrive\Documents\socialmedia

[info] 
=== Project Setup
[info] 
[info] First, let's associate this project directory with a Firebase project.
[info] You can create multiple project aliases by running firebase use --add, 
[info] but for now we'll just set up a default project.
[info] 
[debug] [2023-10-26T03:58:47.664Z] >>> [apiv2][query] GET https://firebase.googleapis.com/v1beta1/projects pageSize=100
[debug] [2023-10-26T03:58:49.153Z] <<< [apiv2][status] GET https://firebase.googleapis.com/v1beta1/projects 200
[debug] [2023-10-26T03:58:49.154Z] <<< [apiv2][body] GET https://firebase.googleapis.com/v1beta1/projects [omitted]
[info] i  Using project react-socialmedia-app-7675e (react-SocialMedia-app) 
[info] 
=== Hosting Setup
[info] 
[info] Your public directory is the folder (relative to your project directory) that
[info] will contain Hosting assets to be uploaded with firebase deploy. If you
[info] have a build process for your assets, use your build's output directory.
[info] 
[info] +  Wrote public/404.html 
[debug] [2023-10-26T04:01:17.676Z] >>> [apiv2][query] GET https://www.gstatic.com/firebasejs/releases.json [none]
[debug] [2023-10-26T04:01:17.823Z] <<< [apiv2][status] GET https://www.gstatic.com/firebasejs/releases.json 200
[debug] [2023-10-26T04:01:17.823Z] <<< [apiv2][body] GET https://www.gstatic.com/firebasejs/releases.json {"current":{"version":"10.5.0","browserURL":"https://www.gstatic.com/firebasejs/10.5.0/firebase.js","packageURL":"https://www.gstatic.com/firebasejs/10.5.0/firebase.tgz"},"live":{"version":"10.5","browserURL":"https://www.gstatic.com/firebasejs/live/10.5/firebase.js","packageURL":"https://www.gstatic.com/firebasejs/live/10.5/firebase.tgz"},"components":{"analytics":"https://www.gstatic.com/firebasejs/10.5.0/firebase-analytics.js","app":"https://www.gstatic.com/firebasejs/10.5.0/firebase-app.js","app-check":"https://www.gstatic.com/firebasejs/10.5.0/firebase-app-check.js","auth":"https://www.gstatic.com/firebasejs/10.5.0/firebase-auth.js","auth/cordova":"https://www.gstatic.com/firebasejs/10.5.0/firebase-auth/cordova.js","functions":"https://www.gstatic.com/firebasejs/10.5.0/firebase-functions.js","firestore":"https://www.gstatic.com/firebasejs/10.5.0/firebase-firestore.js","firestore/lite":"https://www.gstatic.com/firebasejs/10.5.0/firebase-firestore/lite.js","installations":"https://www.gstatic.com/firebasejs/10.5.0/firebase-installations.js","storage":"https://www.gstatic.com/firebasejs/10.5.0/firebase-storage.js","performance":"https://www.gstatic.com/firebasejs/10.5.0/firebase-performance.js","remote-config":"https://www.gstatic.com/firebasejs/10.5.0/firebase-remote-config.js","messaging":"https://www.gstatic.com/firebasejs/10.5.0/firebase-messaging.js","messaging/sw":"https://www.gstatic.com/firebasejs/10.5.0/firebase-messaging/sw.js","database":"https://www.gstatic.com/firebasejs/10.5.0/firebase-database.js","firestore.memory":"https://www.gstatic.com/firebasejs/10.5.0/firebase-firestore.memory.js"}}
[info] i  Skipping write of public/index.html 
[info] 
[info] i  Detected a .git folder at C:\Users\gayat 
[info] i  Authorizing with GitHub to upload your service account to a GitHub repository's secrets store. 
[info] 
[info] Visit this URL on this device to log in:
[info] https://github.com/login/oauth/authorize?client_id=89cf50f02ac6aaed3484&state=827130817&redirect_uri=http%3A%2F%2Flocalhost%3A9005&scope=read%3Auser%20repo%20public_repo
[info] 
[info] Waiting for authentication...
[debug] [2023-10-26T04:01:30.728Z] >>> [apiv2][query] POST https://github.com/login/oauth/access_token [none]
[debug] [2023-10-26T04:01:30.728Z] >>> [apiv2][body] POST https://github.com/login/oauth/access_token [stream]
[debug] [2023-10-26T04:01:31.133Z] <<< [apiv2][status] POST https://github.com/login/oauth/access_token 200
[debug] [2023-10-26T04:01:31.133Z] <<< [apiv2][body] POST https://github.com/login/oauth/access_token {"access_token":"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","token_type":"bearer","scope":"read:user,repo"}
[debug] [2023-10-26T04:01:31.157Z] >>> [apiv2][query] GET https://api.github.com/user [none]
[debug] [2023-10-26T04:01:31.557Z] <<< [apiv2][status] GET https://api.github.com/user 200
[debug] [2023-10-26T04:01:31.558Z] <<< [apiv2][body] GET https://api.github.com/user {"login":"Gayathri282","id":109743544,"node_id":"U_kgDOBoqNuA","avatar_url":"https://avatars.githubusercontent.com/u/109743544?v=4","gravatar_id":"","url":"https://api.github.com/users/Gayathri282","html_url":"https://github.com/Gayathri282","followers_url":"https://api.github.com/users/Gayathri282/followers","following_url":"https://api.github.com/users/Gayathri282/following{/other_user}","gists_url":"https://api.github.com/users/Gayathri282/gists{/gist_id}","starred_url":"https://api.github.com/users/Gayathri282/starred{/owner}{/repo}","subscriptions_url":"https://api.github.com/users/Gayathri282/subscriptions","organizations_url":"https://api.github.com/users/Gayathri282/orgs","repos_url":"https://api.github.com/users/Gayathri282/repos","events_url":"https://api.github.com/users/Gayathri282/events{/privacy}","received_events_url":"https://api.github.com/users/Gayathri282/received_events","type":"User","site_admin":false,"name":null,"company":null,"blog":"","location":null,"email":null,"hireable":null,"bio":null,"twitter_username":null,"public_repos":10,"public_gists":0,"followers":0,"following":2,"created_at":"2022-07-21T13:40:29Z","updated_at":"2023-10-26T04:01:26Z","private_gists":0,"total_private_repos":1,"owned_private_repos":1,"disk_usage":46538,"collaborators":0,"two_factor_authentication":false,"plan":{"name":"free","space":976562499,"collaborators":0,"private_repos":10000}}
[info] 
[info] +  Success! Logged into GitHub as Gayathri282 
[info] 
